@!@!@STARTMSG 2262:0 @!@!@
TLC2 Version 2.16 of 31 December 2020 (rev: cdddf55)
@!@!@ENDMSG 2262 @!@!@
@!@!@STARTMSG 2187:0 @!@!@
Running breadth-first search Model-Checking with fp 33 and seed -8759504396169110897 with 8 workers on 8 cores with 2105MB heap and 4730MB offheap memory [pid: 12112] (Windows 10 10.0 amd64, AdoptOpenJDK 14.0.1 x86_64, OffHeapDiskFPSet, DiskStateQueue).
@!@!@ENDMSG 2187 @!@!@
@!@!@STARTMSG 2220:0 @!@!@
Starting SANY...
@!@!@ENDMSG 2220 @!@!@
Parsing file C:\Users\yuri\Desktop\Mestrado\toolbox\mainByz.toolbox\Full_Model\MC.tla
Parsing file C:\Users\yuri\Desktop\Mestrado\toolbox\mainByz.toolbox\Full_Model\mainByz.tla
Parsing file C:\Users\yuri\Desktop\Mestrado\toolbox\plugins\org.lamport.tlatools_1.0.0.202012311918\tla2sany\StandardModules\TLC.tla
Parsing file C:\Users\yuri\Desktop\Mestrado\toolbox\mainByz.toolbox\Full_Model\AlgorithmByzantine.tla
Parsing file C:\Users\yuri\Desktop\Mestrado\toolbox\mainByz.toolbox\Full_Model\HeardOf.tla
Parsing file C:\Users\yuri\Desktop\Mestrado\toolbox\mainByz.toolbox\Full_Model\PeaseSet.tla
Parsing file C:\Users\yuri\Desktop\Mestrado\toolbox\mainByz.toolbox\Full_Model\Trace.tla
Parsing file C:\Users\yuri\Desktop\Mestrado\toolbox\plugins\org.lamport.tlatools_1.0.0.202012311918\tla2sany\StandardModules\Integers.tla
Parsing file C:\Users\yuri\Desktop\Mestrado\toolbox\plugins\org.lamport.tlatools_1.0.0.202012311918\tla2sany\StandardModules\Naturals.tla
Parsing file C:\Users\yuri\Desktop\Mestrado\toolbox\plugins\org.lamport.tlatools_1.0.0.202012311918\tla2sany\StandardModules\FiniteSets.tla
Parsing file C:\Users\yuri\Desktop\Mestrado\toolbox\plugins\org.lamport.tlatools_1.0.0.202012311918\tla2sany\StandardModules\Sequences.tla
Parsing file C:\Users\yuri\Desktop\Mestrado\toolbox\mainByz.toolbox\Full_Model\ExtendedSequences.tla
Parsing file C:\Users\yuri\Desktop\Mestrado\toolbox\mainByz.toolbox\Full_Model\UTE.tla
Semantic processing of module Naturals
Semantic processing of module Integers
Semantic processing of module Sequences
Semantic processing of module FiniteSets
Semantic processing of module TLC
Semantic processing of module ExtendedSequences
Semantic processing of module HeardOf
Semantic processing of module PeaseSet
Semantic processing of module UTE
Semantic processing of module AlgorithmByzantine
Semantic processing of module Trace
Semantic processing of module mainByz
Semantic processing of module MC
@!@!@STARTMSG 2219:0 @!@!@
SANY finished.
@!@!@ENDMSG 2219 @!@!@
@!@!@STARTMSG 2185:0 @!@!@
Starting... (2024-11-18 13:56:53)
@!@!@ENDMSG 2185 @!@!@
@!@!@STARTMSG 2212:0 @!@!@
Implied-temporal checking--satisfiability problem has 1 branches.
@!@!@ENDMSG 2212 @!@!@
@!@!@STARTMSG 2189:0 @!@!@
Computing initial states...
@!@!@ENDMSG 2189 @!@!@
@!@!@STARTMSG 2269:0 @!@!@
Computed 2 initial states...
@!@!@ENDMSG 2269 @!@!@
@!@!@STARTMSG 2269:0 @!@!@
Computed 4 initial states...
@!@!@ENDMSG 2269 @!@!@
@!@!@STARTMSG 2269:0 @!@!@
Computed 8 initial states...
@!@!@ENDMSG 2269 @!@!@
@!@!@STARTMSG 2190:0 @!@!@
Finished computing initial states: 16 distinct states generated at 2024-11-18 13:56:54.
@!@!@ENDMSG 2190 @!@!@
